<?xml version="1.0" encoding="UTF-8" standalone="no"?>
<testsuite errors="0" failures="1" name="io.cucumber.core.plugin.JUnitFormatter" skipped="0" tests="2" time="35.78">
    <testcase classname="Validation of all different navigations from home page" name="Verify if the Battery and Warranty option is getting navigated to Battery and Warranty page" time="10.512">
        <failure message="element click intercepted: Element &lt;a aria-expanded=&quot;false&quot; aria-haspopup=&quot;true&quot; class=&quot;nav-link dropdown-toggle pointer anchortag&quot; data-toggle=&quot;dropdown&quot; id=&quot;navbarDropdownMenuLink2&quot;&gt;...&lt;/a&gt; is not clickable at point (105, 201). Other element would receive the click: &lt;div _ngcontent-hnj-c0=&quot;&quot; class=&quot;overlay&quot; style=&quot;background-color: rgba(51, 51, 51, 0.8); position: absolute;&quot;&gt;...&lt;/div&gt;&#10;  (Session info: chrome=96.0.4664.110)&#10;Build info: version: '4.1.0', revision: '87802e897b'&#10;System info: host: 'STS-CHNA-LP009', ip: '192.168.1.11', os.name: 'Windows 10', os.arch: 'amd64', os.version: '10.0', java.version: '17'&#10;Driver info: org.openqa.selenium.chrome.ChromeDriver&#10;Command: [ec1b9316c0e8e0795d6b10ceb8b6ad61, clickElement {id=16208253-52b3-4c46-8ce3-f24b4e71ee63}]&#10;Capabilities {acceptInsecureCerts: false, browserName: chrome, browserVersion: 96.0.4664.110, chrome: {chromedriverVersion: 96.0.4664.45 (76e4c1bb2ab46..., userDataDir: C:\Users\prasanth.kp\AppDat...}, goog:chromeOptions: {debuggerAddress: localhost:54026}, javascriptEnabled: true, networkConnectionEnabled: false, pageLoadStrategy: normal, platform: WINDOWS, platformName: WINDOWS, proxy: Proxy(), se:cdp: ws://localhost:54026/devtoo..., se:cdpVersion: 96.0.4664.110, setWindowRect: true, strictFileInteractability: false, timeouts: {implicit: 0, pageLoad: 300000, script: 30000}, unhandledPromptBehavior: dismiss and notify, webauthn:extension:credBlob: true, webauthn:extension:largeBlob: true, webauthn:virtualAuthenticators: true}&#10;Element: [[ChromeDriver: chrome on WINDOWS (ec1b9316c0e8e0795d6b10ceb8b6ad61)] -&gt; xpath: (//*[text()='Insights'])]&#10;Session ID: ec1b9316c0e8e0795d6b10ceb8b6ad61" type="org.openqa.selenium.ElementClickInterceptedException"><![CDATA[Given user is on landing page...............................................passed
When user entered "Vasanth.palani" and "Signa@123"..........................passed
And clicked on the login button.............................................passed
Then the user should be navigated to homepage...............................passed
And the user clicks Insights and Navigate to Battery and Warranty page and verify if it lands in Battery and Warranty page.failed
And the user should be logged out from the signainsights....................skipped

StackTrace:
org.openqa.selenium.ElementClickInterceptedException: element click intercepted: Element <a aria-expanded="false" aria-haspopup="true" class="nav-link dropdown-toggle pointer anchortag" data-toggle="dropdown" id="navbarDropdownMenuLink2">...</a> is not clickable at point (105, 201). Other element would receive the click: <div _ngcontent-hnj-c0="" class="overlay" style="background-color: rgba(51, 51, 51, 0.8); position: absolute;">...</div>
  (Session info: chrome=96.0.4664.110)
Build info: version: '4.1.0', revision: '87802e897b'
System info: host: 'STS-CHNA-LP009', ip: '192.168.1.11', os.name: 'Windows 10', os.arch: 'amd64', os.version: '10.0', java.version: '17'
Driver info: org.openqa.selenium.chrome.ChromeDriver
Command: [ec1b9316c0e8e0795d6b10ceb8b6ad61, clickElement {id=16208253-52b3-4c46-8ce3-f24b4e71ee63}]
Capabilities {acceptInsecureCerts: false, browserName: chrome, browserVersion: 96.0.4664.110, chrome: {chromedriverVersion: 96.0.4664.45 (76e4c1bb2ab46..., userDataDir: C:\Users\prasanth.kp\AppDat...}, goog:chromeOptions: {debuggerAddress: localhost:54026}, javascriptEnabled: true, networkConnectionEnabled: false, pageLoadStrategy: normal, platform: WINDOWS, platformName: WINDOWS, proxy: Proxy(), se:cdp: ws://localhost:54026/devtoo..., se:cdpVersion: 96.0.4664.110, setWindowRect: true, strictFileInteractability: false, timeouts: {implicit: 0, pageLoad: 300000, script: 30000}, unhandledPromptBehavior: dismiss and notify, webauthn:extension:credBlob: true, webauthn:extension:largeBlob: true, webauthn:virtualAuthenticators: true}
Element: [[ChromeDriver: chrome on WINDOWS (ec1b9316c0e8e0795d6b10ceb8b6ad61)] -> xpath: (//*[text()='Insights'])]
Session ID: ec1b9316c0e8e0795d6b10ceb8b6ad61
	at java.base/jdk.internal.reflect.NativeConstructorAccessorImpl.newInstance0(Native Method)
	at java.base/jdk.internal.reflect.NativeConstructorAccessorImpl.newInstance(NativeConstructorAccessorImpl.java:77)
	at java.base/jdk.internal.reflect.DelegatingConstructorAccessorImpl.newInstance(DelegatingConstructorAccessorImpl.java:45)
	at java.base/java.lang.reflect.Constructor.newInstanceWithCaller(Constructor.java:499)
	at java.base/java.lang.reflect.Constructor.newInstance(Constructor.java:480)
	at org.openqa.selenium.remote.codec.w3c.W3CHttpResponseCodec.createException(W3CHttpResponseCodec.java:200)
	at org.openqa.selenium.remote.codec.w3c.W3CHttpResponseCodec.decode(W3CHttpResponseCodec.java:133)
	at org.openqa.selenium.remote.codec.w3c.W3CHttpResponseCodec.decode(W3CHttpResponseCodec.java:53)
	at org.openqa.selenium.remote.HttpCommandExecutor.execute(HttpCommandExecutor.java:184)
	at org.openqa.selenium.remote.service.DriverCommandExecutor.invokeExecute(DriverCommandExecutor.java:164)
	at org.openqa.selenium.remote.service.DriverCommandExecutor.execute(DriverCommandExecutor.java:139)
	at org.openqa.selenium.remote.RemoteWebDriver.execute(RemoteWebDriver.java:559)
	at org.openqa.selenium.remote.RemoteWebElement.execute(RemoteWebElement.java:251)
	at org.openqa.selenium.remote.RemoteWebElement.click(RemoteWebElement.java:77)
	at stepDefinitions.StepDefinition.the_user_clicks_insights_and_navigate_to_battery_and_warranty_page_and_verify_if_it_lands_in_battery_and_warranty_page(StepDefinition.java:193)
	at âœ½.the user clicks Insights and Navigate to Battery and Warranty page and verify if it lands in Battery and Warranty page(file:///C:/Users/prasanth.kp/Workspace/Insights_BDD/src/test/java/features/navigation.feature:36)
]]></failure>
    </testcase>
    <testcase classname="User creation and deletion" name="User is able to create new user id and able to delete" time="25.004">
        <system-out><![CDATA[Given user is on landing page...............................................passed
When user entered "SignaInsightsDemo" and "Signa@123".......................passed
And clicked on the login button.............................................passed
Then the user should be navigated to homepage...............................passed
And the user should be navigated to Users page..............................passed
And the user is able to enter all the details to create new user............passed
Then the user is able to delete the newly created userid....................passed
And the user should be logged out from the signainsights....................passed
]]></system-out>
    </testcase>
</testsuite>
